<?xml version="1.1" encoding="UTF-8"?>
<testsuite name="org.kaakaa.travis.SampleTest" tests="1" failures="0" errors="0" timestamp="2013-10-09T14:06:20" hostname="konpon-no-MacBook-Air.local" time="0.007">
  <properties/>
  <testcase name="Test" classname="org.kaakaa.travis.SampleTest" time="0.007"/>
  <system-out><![CDATA[]]></system-out>
  <system-err><![CDATA[]]></system-err>
</testsuite>
